#
# A fatal error has been detected by the Java Runtime Environment:
#
#  EXCEPTION_ACCESS_VIOLATION (0xc0000005) at pc=0x0000000073a696f8, pid=1908, tid=6152
#
# JRE version: Java(TM) SE Runtime Environment (7.0_60-b19) (build 1.7.0_60-b19)
# Java VM: Java HotSpot(TM) 64-Bit Server VM (24.60-b09 mixed mode windows-amd64 compressed oops)
# Problematic frame:
# V  [jvm.dll+0x1796f8]
#
# Failed to write core dump. Minidumps are not enabled by default on client versions of Windows
#
# If you would like to submit a bug report, please visit:
#   http://bugreport.sun.com/bugreport/crash.jsp
#

---------------  T H R E A D  ---------------

Current thread (0x000000000a6da000):  JavaThread "JDWP Transport Listener: dt_socket" daemon [_thread_in_vm, id=6152, stack(0x000000000bf50000,0x000000000c050000)]

siginfo: ExceptionCode=0xc0000005, writing address 0xffffffff8714ab90

Registers:
RAX=0x000000000a6fd7f8, RBX=0x000000000a6d1400, RCX=0x0000000000000000, RDX=0x0000000000000000
RSP=0x000000000c04f4d0, RBP=0x000000000000000c, RSI=0x0000000000000005, RDI=0xffffffffef94004e
R8 =0x000000000a6effd0, R9 =0x000000077ccb27b0, R10=0x000000000a6ef8c0, R11=0x000000000a6d1450
R12=0x0000000000000005, R13=0x000000000a74a920, R14=0x000000000c04f5d0, R15=0x000000000c04f618
RIP=0x0000000073a696f8, EFLAGS=0x0000000000010206

Top of Stack: (sp=0x000000000c04f4d0)
0x000000000c04f4d0:   000000000a6d1450 000000000a6d1448
0x000000000c04f4e0:   000000000a6d1400 000000000a74a920
0x000000000c04f4f0:   0000000000000001 000000000a6da000
0x000000000c04f500:   000000000a6df410 000000000a6d13f0
0x000000000c04f510:   000000000a6d1400 000000000a6d17d8
0x000000000c04f520:   00000000000003d8 000000000c04f8f0
0x000000000c04f530:   0000000000000000 0000000000000000
0x000000000c04f540:   00000007d5ed1d48 000000000c04f5d0
0x000000000c04f550:   000000000a6da000 0000000073be5499
0x000000000c04f560:   000000000c04f618 0000000002177f80
0x000000000c04f570:   000000000a6d0ff8 00000000737f6b76
0x000000000c04f580:   000000000a6da000 0000000000000000
0x000000000c04f590:   0000000000000000 0000000000000000
0x000000000c04f5a0:   0000000000000000 00000000737e551f
0x000000000c04f5b0:   000000000c04f660 0000000000000001
0x000000000c04f5c0:   000000000a6df1b0 000000000c04f690 

Instructions: (pc=0x0000000073a696f8)
0x0000000073a696d8:   c9 83 c0 0b 48 98 48 83 e0 f8 48 c1 e8 03 48 98
0x0000000073a696e8:   48 8d 14 46 49 63 3c 90 e8 3b 75 f0 ff 48 ff c6
0x0000000073a696f8:   49 89 44 fd 00 49 3b f4 0f 8c 6b ff ff ff eb 72
0x0000000073a69708:   33 ff 4d 85 e4 7e 6b bd 18 00 00 00 48 8b f0 48 


Register to memory mapping:

RAX=0x000000000a6fd7f8 is a weak global jni handle
RBX=0x000000000a6d1400 is an unknown value
RCX=0x0000000000000000 is an unknown value
RDX=0x0000000000000000 is an unknown value
RSP=0x000000000c04f4d0 is pointing into the stack for thread: 0x000000000a6da000
RBP=0x000000000000000c is an unknown value
RSI=0x0000000000000005 is an unknown value
RDI=0xffffffffef94004e is an unknown value
R8 =0x000000000a6effd0 is an unknown value
R9 =0x000000077ccb27b0 is an oop
{method} 
 - klass: {other class}
R10=0x000000000a6ef8c0 is an unknown value
R11=0x000000000a6d1450 is an unknown value
R12=0x0000000000000005 is an unknown value
R13=0x000000000a74a920 is an unknown value
R14=0x000000000c04f5d0 is pointing into the stack for thread: 0x000000000a6da000
R15=0x000000000c04f618 is pointing into the stack for thread: 0x000000000a6da000


Stack: [0x000000000bf50000,0x000000000c050000],  sp=0x000000000c04f4d0,  free space=1021k
Native frames: (J=compiled Java code, j=interpreted, Vv=VM code, C=native code)
V  [jvm.dll+0x1796f8]


---------------  P R O C E S S  ---------------

Java Threads: ( => current thread )
  0x000000000a712000 JavaThread "Service Thread" daemon [_thread_blocked, id=6248, stack(0x000000000c450000,0x000000000c550000)]
  0x000000000a709000 JavaThread "C2 CompilerThread1" daemon [_thread_blocked, id=6592, stack(0x000000000c350000,0x000000000c450000)]
  0x000000000a708000 JavaThread "C2 CompilerThread0" daemon [_thread_blocked, id=3984, stack(0x000000000c250000,0x000000000c350000)]
  0x000000000a6ea800 JavaThread "JDWP Command Reader" daemon [_thread_in_native, id=6636, stack(0x000000000c150000,0x000000000c250000)]
  0x000000000a6e7800 JavaThread "JDWP Event Helper Thread" daemon [_thread_blocked, id=848, stack(0x000000000c050000,0x000000000c150000)]
=>0x000000000a6da000 JavaThread "JDWP Transport Listener: dt_socket" daemon [_thread_in_vm, id=6152, stack(0x000000000bf50000,0x000000000c050000)]
  0x000000000a6d3000 JavaThread "Attach Listener" daemon [_thread_blocked, id=8112, stack(0x000000000bb70000,0x000000000bc70000)]
  0x000000000a6d0000 JavaThread "Signal Dispatcher" daemon [_thread_blocked, id=8008, stack(0x000000000ba70000,0x000000000bb70000)]
  0x000000000a69f800 JavaThread "Finalizer" daemon [_thread_blocked, id=7368, stack(0x000000000b970000,0x000000000ba70000)]
  0x000000000a694800 JavaThread "Reference Handler" daemon [_thread_blocked, id=6476, stack(0x000000000b870000,0x000000000b970000)]
  0x000000000217d800 JavaThread "main" [_thread_in_native, id=3492, stack(0x0000000002180000,0x0000000002280000)]

Other Threads:
  0x000000000a690000 VMThread [stack: 0x000000000b770000,0x000000000b870000] [id=6568]
  0x000000000a6fc800 WatcherThread [stack: 0x000000000c550000,0x000000000c650000] [id=3540]

VM state:not at safepoint (normal execution)

VM Mutex/Monitor currently owned by a thread: None

Heap
 PSYoungGen      total 38400K, used 1997K [0x00000007d5e80000, 0x00000007d8900000, 0x0000000800000000)
  eden space 33280K, 6% used [0x00000007d5e80000,0x00000007d6073460,0x00000007d7f00000)
  from space 5120K, 0% used [0x00000007d8400000,0x00000007d8400000,0x00000007d8900000)
  to   space 5120K, 0% used [0x00000007d7f00000,0x00000007d7f00000,0x00000007d8400000)
 ParOldGen       total 86016K, used 0K [0x0000000781c00000, 0x0000000787000000, 0x00000007d5e80000)
  object space 86016K, 0% used [0x0000000781c00000,0x0000000781c00000,0x0000000787000000)
 PSPermGen       total 21504K, used 2769K [0x000000077ca00000, 0x000000077df00000, 0x0000000781c00000)
  object space 21504K, 12% used [0x000000077ca00000,0x000000077ccb47d8,0x000000077df00000)

Card table byte_map: [0x0000000005480000,0x00000000058a0000] byte_map_base: 0x000000000189b000

Polling page: 0x0000000002130000

Code Cache  [0x00000000023c0000, 0x0000000002630000, 0x00000000053c0000)
 total_blobs=179 nmethods=1 adapters=139 free_code_cache=48765Kb largest_free_block=49920960

Compilation events (2 events):
Event: 3.732 Thread 0x000000000a708000    1             java.util.Properties$LineReader::readLine (452 bytes)
Event: 3.806 Thread 0x000000000a708000 nmethod 1 0x000000000241f950 code [0x000000000241fae0, 0x00000000024203f8]

GC Heap History (0 events):
No events

Deoptimization events (0 events):
No events

Internal exceptions (2 events):
Event: 0.113 Thread 0x000000000217d800 Threw 0x00000007d5e8b4b8 at C:\re\jdk7u60\1081\hotspot\src\share\vm\prims\jni.cpp:3991
Event: 0.321 Thread 0x000000000217d800 Threw 0x00000007d5eccdb8 at C:\re\jdk7u60\1081\hotspot\src\share\vm\prims\jvm.cpp:1244

Events (10 events):
Event: 247.480 Executing VM operation: RedefineClasses
Event: 247.480 Executing VM operation: RedefineClasses done
Event: 345.933 Executing VM operation: RedefineClasses
Event: 345.933 Executing VM operation: RedefineClasses done
Event: 401.691 Executing VM operation: RedefineClasses
Event: 401.691 Executing VM operation: RedefineClasses done
Event: 431.140 Executing VM operation: RedefineClasses
Event: 431.141 Executing VM operation: RedefineClasses done
Event: 533.986 Executing VM operation: RedefineClasses
Event: 533.986 Executing VM operation: RedefineClasses done


Dynamic libraries:
0x00007ff715210000 - 0x00007ff715243000 	C:\Program Files\Java\jre7\bin\javaw.exe
0x00007ff87e900000 - 0x00007ff87eaaa000 	C:\Windows\SYSTEM32\ntdll.dll
0x00007ff87de30000 - 0x00007ff87df6a000 	C:\Windows\system32\KERNEL32.DLL
0x00007ff87bd90000 - 0x00007ff87be9f000 	C:\Windows\system32\KERNELBASE.dll
0x00007ff87a880000 - 0x00007ff87a908000 	C:\Windows\system32\apphelp.dll
0x00007ff860570000 - 0x00007ff8605bf000 	C:\Windows\AppPatch\AppPatch64\AcGenral.DLL
0x00007ff87d8c0000 - 0x00007ff87d967000 	C:\Windows\system32\msvcrt.dll
0x00007ff87bab0000 - 0x00007ff87badb000 	C:\Windows\SYSTEM32\SspiCli.dll
0x00007ff87e110000 - 0x00007ff87e161000 	C:\Windows\system32\SHLWAPI.dll
0x00007ff87e480000 - 0x00007ff87e5f1000 	C:\Windows\system32\USER32.dll
0x00007ff87db50000 - 0x00007ff87dcc8000 	C:\Windows\system32\ole32.dll
0x00007ff87c4a0000 - 0x00007ff87d8c0000 	C:\Windows\system32\SHELL32.dll
0x00007ff87b280000 - 0x00007ff87b29e000 	C:\Windows\SYSTEM32\USERENV.dll
0x00007ff87e3d0000 - 0x00007ff87e475000 	C:\Windows\system32\ADVAPI32.dll
0x00007ff86b5f0000 - 0x00007ff86b60b000 	C:\Windows\SYSTEM32\MPR.dll
0x00007ff87c180000 - 0x00007ff87c2b7000 	C:\Windows\system32\RPCRT4.dll
0x00007ff87e220000 - 0x00007ff87e277000 	C:\Windows\SYSTEM32\sechost.dll
0x00007ff87e600000 - 0x00007ff87e7d6000 	C:\Windows\SYSTEM32\combase.dll
0x00007ff87e280000 - 0x00007ff87e3c4000 	C:\Windows\system32\GDI32.dll
0x00007ff87bc70000 - 0x00007ff87bc84000 	C:\Windows\SYSTEM32\profapi.dll
0x00007ff87a540000 - 0x00007ff87a5df000 	C:\Windows\SYSTEM32\SHCORE.dll
0x00007ff87d9f0000 - 0x00007ff87da24000 	C:\Windows\system32\IMM32.DLL
0x00007ff87dcf0000 - 0x00007ff87de29000 	C:\Windows\system32\MSCTF.dll
0x00007ff879460000 - 0x00007ff8796ba000 	C:\Windows\WinSxS\amd64_microsoft.windows.common-controls_6595b64144ccf1df_6.0.9600.17031_none_6242a4b3ecbb55a1\COMCTL32.dll
0x00000000740d0000 - 0x00000000741a2000 	C:\Program Files\Java\jre7\bin\msvcr100.dll
0x00000000738f0000 - 0x00000000740c2000 	C:\Program Files\Java\jre7\bin\server\jvm.dll
0x00007ff86b860000 - 0x00007ff86b869000 	C:\Windows\SYSTEM32\WSOCK32.dll
0x00007ff8796c0000 - 0x00007ff8796df000 	C:\Windows\SYSTEM32\WINMM.dll
0x00007ff87e8f0000 - 0x00007ff87e8f7000 	C:\Windows\system32\PSAPI.DLL
0x00007ff87d970000 - 0x00007ff87d9c8000 	C:\Windows\system32\WS2_32.dll
0x00007ff879210000 - 0x00007ff87923a000 	C:\Windows\SYSTEM32\WINMMBASE.dll
0x00007ff87d9e0000 - 0x00007ff87d9e9000 	C:\Windows\system32\NSI.dll
0x00007ff87bd40000 - 0x00007ff87bd8a000 	C:\Windows\SYSTEM32\cfgmgr32.dll
0x00007ff87ab00000 - 0x00007ff87ab26000 	C:\Windows\SYSTEM32\DEVOBJ.dll
0x00000000738e0000 - 0x00000000738ef000 	C:\Program Files\Java\jre7\bin\verify.dll
0x00000000738b0000 - 0x00000000738d8000 	C:\Program Files\Java\jre7\bin\java.dll
0x00000000737e0000 - 0x0000000073815000 	C:\Program Files\Java\jre7\bin\jdwp.dll
0x00000000737d0000 - 0x00000000737d8000 	C:\Program Files\Java\jre7\bin\npt.dll
0x0000000073890000 - 0x00000000738a5000 	C:\Program Files\Java\jre7\bin\zip.dll
0x00000000737c0000 - 0x00000000737c9000 	C:\Program Files\Java\jre7\bin\dt_socket.dll
0x00007ff85f3d0000 - 0x00007ff85f3e4000 	C:\Windows\system32\napinsp.dll
0x00007ff8761b0000 - 0x00007ff8761c9000 	C:\Windows\system32\pnrpnsp.dll
0x00007ff878e80000 - 0x00007ff878e99000 	C:\Windows\system32\NLAapi.dll
0x00007ff87b4d0000 - 0x00007ff87b528000 	C:\Windows\System32\mswsock.dll
0x00007ff87b2e0000 - 0x00007ff87b383000 	C:\Windows\SYSTEM32\DNSAPI.dll
0x00007ff85f3f0000 - 0x00007ff85f3fc000 	C:\Windows\System32\winrnr.dll
0x00007ff85f400000 - 0x00007ff85f413000 	C:\Windows\system32\wshbth.dll
0x00007ff875390000 - 0x00007ff8753f8000 	C:\Windows\System32\fwpuclnt.dll
0x00007ff86c110000 - 0x00007ff86c119000 	C:\Windows\System32\rasadhlp.dll
0x0000000073870000 - 0x0000000073889000 	C:\Program Files\Java\jre7\bin\net.dll
0x00007ff875790000 - 0x00007ff8757b9000 	C:\Windows\SYSTEM32\IPHLPAPI.DLL
0x00007ff875760000 - 0x00007ff87576a000 	C:\Windows\SYSTEM32\WINNSI.DLL
0x00007ff876560000 - 0x00007ff8766e8000 	C:\Windows\SYSTEM32\dbghelp.dll

VM Arguments:
jvm_args: -agentlib:jdwp=transport=dt_socket,suspend=y,address=localhost:52535 -Dfile.encoding=Cp1252 
java_command: UDPClient
Launcher Type: SUN_STANDARD

Environment Variables:
JAVA_HOME=C:\Program Files\Java\jdk1.7.0_60
PATH=C:\Program Files (x86)\NVIDIA Corporation\PhysX\Common;C:\Program Files (x86)\Intel\iCLS Client\;C:\Program Files\Intel\iCLS Client\;C:\Windows\system32;C:\Windows;C:\Windows\System32\Wbem;C:\Windows\System32\WindowsPowerShell\v1.0\;C:\Program Files\Intel\Intel(R) Management Engine Components\DAL;C:\Program Files\Intel\Intel(R) Management Engine Components\IPT;C:\Program Files (x86)\Intel\Intel(R) Management Engine Components\DAL;C:\Program Files (x86)\Intel\Intel(R) Management Engine Components\IPT;C:\Program Files\Intel\WiFi\bin\;C:\Program Files\Common Files\Intel\WirelessCommon\;C:\Program Files\TortoiseSVN\bin;C:\Program Files\TortoiseGit\bin;C:\Program Files (x86)\WinAnt\bin
USERNAME=Andres
OS=Windows_NT
PROCESSOR_IDENTIFIER=Intel64 Family 6 Model 69 Stepping 1, GenuineIntel



---------------  S Y S T E M  ---------------

OS: Windows 8.1 , 64 bit Build 9600 

CPU:total 4 (2 cores per cpu, 2 threads per core) family 6 model 69 stepping 1, cmov, cx8, fxsr, mmx, sse, sse2, sse3, ssse3, sse4.1, sse4.2, popcnt, avx, avx2, aes, erms, ht, tsc, tscinvbit

Memory: 4k page, physical 8268964k(4795848k free), swap 9579684k(5133432k free)

vm_info: Java HotSpot(TM) 64-Bit Server VM (24.60-b09) for windows-amd64 JRE (1.7.0_60-b19), built on May  7 2014 12:55:18 by "java_re" with unknown MS VC++:1600

time: Sat Aug 30 20:52:29 2014
elapsed time: 541 seconds

